TN:
SF:src/app.ts
FNF:0
FNH:0
DA:7,1
DA:8,1
DA:9,1
DA:11,1
DA:12,1
LF:5
LH:5
BRF:0
BRH:0
end_of_record
TN:
SF:src/database.ts
FNF:0
FNH:0
DA:3,2
DA:4,2
LF:2
LH:2
BRF:0
BRH:0
end_of_record
TN:
SF:src/controllers/recommendationController.ts
FN:6,insert
FN:17,upvote
FN:25,downvote
FN:33,random
FN:39,get
FN:44,getTop
FN:51,getById
FNF:7
FNH:7
FNDA:2,insert
FNDA:2,upvote
FNDA:2,downvote
FNDA:2,random
FNDA:2,get
FNDA:1,getTop
FNDA:2,getById
DA:7,2
DA:8,2
DA:9,1
DA:12,1
DA:14,1
DA:18,2
DA:20,2
DA:22,1
DA:26,2
DA:28,2
DA:30,1
DA:34,2
DA:36,1
DA:40,2
DA:41,2
DA:45,1
DA:47,1
DA:48,1
DA:52,2
DA:54,2
DA:55,2
DA:58,1
LF:22
LH:22
BRDA:8,0,0,1
BRF:1
BRH:1
end_of_record
TN:
SF:src/middlewares/errorHandlerMiddleware.ts
FN:8,errorHandlerMiddleware
FNF:1
FNH:1
FNDA:4,errorHandlerMiddleware
DA:14,4
DA:15,4
DA:18,0
LF:3
LH:2
BRDA:14,0,0,4
BRF:1
BRH:1
end_of_record
TN:
SF:src/repositories/recommendationRepository.ts
FN:5,create
FN:16,findAll
FN:27,getAmountByScore
FN:36,getFindAllFilter
FN:50,find
FN:58,updateScore
FN:71,remove
FNF:7
FNH:6
FNDA:1,create
FNDA:5,findAll
FNDA:1,getAmountByScore
FNDA:5,getFindAllFilter
FNDA:6,find
FNDA:2,updateScore
FNDA:0,remove
DA:6,1
DA:17,5
DA:19,5
DA:28,1
DA:39,5
DA:41,2
DA:43,2
DA:51,6
DA:59,2
DA:72,0
DA:79,2
LF:11
LH:10
BRDA:39,0,0,3
BRF:1
BRH:1
end_of_record
TN:
SF:src/routers/recommendationRouter.ts
FNF:0
FNH:0
DA:4,1
DA:6,1
DA:7,1
DA:8,1
DA:9,1
DA:10,1
DA:11,1
DA:12,1
LF:8
LH:8
BRF:0
BRH:0
end_of_record
TN:
SF:src/schemas/recommendationsSchemas.ts
FNF:0
FNH:0
DA:4,1
DA:6,1
LF:2
LH:2
BRF:0
BRH:0
end_of_record
TN:
SF:src/services/recommendationsService.ts
FN:7,insert
FN:11,upvote
FN:18,downvote
FN:29,getById
FN:33,get
FN:37,getTop
FN:41,getRandom
FN:54,getByScore
FN:67,getScoreFilter
FNF:9
FNH:9
FNDA:1,insert
FNDA:2,upvote
FNDA:3,downvote
FNDA:2,getById
FNDA:2,get
FNDA:1,getTop
FNDA:2,getRandom
FNDA:2,getByScore
FNDA:2,getScoreFilter
DA:8,1
DA:12,2
DA:13,2
DA:15,1
DA:19,3
DA:20,3
DA:22,2
DA:24,2
DA:25,1
DA:30,2
DA:34,2
DA:38,1
DA:42,2
DA:43,2
DA:45,2
DA:46,2
DA:47,1
DA:50,1
DA:51,1
DA:55,2
DA:60,2
DA:61,1
DA:64,1
DA:68,2
DA:69,1
DA:72,1
DA:75,2
LF:27
LH:27
BRDA:13,0,0,1
BRDA:20,1,0,1
BRDA:24,2,0,1
BRDA:46,3,0,1
BRDA:60,4,0,1
BRDA:68,5,0,1
BRF:6
BRH:6
end_of_record
TN:
SF:src/utils/errorUtils.ts
FN:7,isAppError
FN:11,errorTypeToStatusCode
FN:19,conflictError
FN:26,notFoundError
FN:33,unauthorizedError
FN:40,wrongSchemaError
FNF:6
FNH:4
FNDA:4,isAppError
FNDA:4,errorTypeToStatusCode
FNDA:0,conflictError
FNDA:3,notFoundError
FNDA:0,unauthorizedError
FNDA:1,wrongSchemaError
DA:8,4
DA:12,4
DA:13,4
DA:14,1
DA:15,1
DA:16,0
DA:20,0
DA:27,3
DA:34,0
DA:41,1
LF:10
LH:7
BRDA:12,0,0,0
BRDA:13,1,0,3
BRDA:14,2,0,0
BRDA:15,3,0,1
BRDA:22,4,0,0
BRDA:22,4,1,0
BRDA:22,5,0,0
BRDA:22,5,1,0
BRDA:29,6,0,0
BRDA:29,6,1,3
BRDA:29,7,0,3
BRDA:29,7,1,3
BRDA:36,8,0,0
BRDA:36,8,1,0
BRDA:36,9,0,0
BRDA:36,9,1,0
BRDA:43,10,0,0
BRDA:43,10,1,1
BRDA:43,11,0,1
BRDA:43,11,1,1
BRF:20
BRH:8
end_of_record
TN:
SF:tests/factories/recommendationFactory.ts
FN:4,getRecommendation
FN:8,getRecommendationById
FN:12,generateRecommendations
FN:25,generateBadRecommendation
FN:36,eraseRecommendations
FNF:5
FNH:5
FNDA:3,getRecommendation
FNDA:2,getRecommendationById
FNDA:1,generateRecommendations
FNDA:1,generateBadRecommendation
FNDA:1,eraseRecommendations
DA:5,3
DA:9,2
DA:13,1
DA:14,1
DA:15,10
DA:20,10
DA:21,10
DA:26,1
DA:37,1
DA:40,2
LF:10
LH:10
BRF:0
BRH:0
end_of_record
